<?xml version="1.0" encoding="UTF-8"?>
<!-- Generated by org.testng.reporters.JUnitXMLReporter -->
<testsuite hostname="EREV332-PC" name="Nopackage" tests="3" failures="1" timestamp="26 Aug 2014 08:08:18 GMT" time="0.03" errors="0">
  <testcase name="TC01_login" time="0.01" classname="com.erevmax.assignment.tests.AnnotationDemo"/>
  <testcase name="TC02_dologin" time="0.0" classname="com.erevmax.assignment.tests.AnnotationDemo"/>
  <testcase name="TC03_loginValidationMessage" time="0.0" classname="com.erevmax.assignment.tests.AnnotationDemo">
    <failure type="java.lang.AssertionError" message="expected [true] but found [false]">
      <![CDATA[java.lang.AssertionError: expected [true] but found [false]
	at com.erevmax.assignment.tests.AnnotationDemo.TC03_loginValidationMessage(AnnotationDemo.java:23)
... Removed 28 stack frames]]>
    </failure>
  </testcase> <!-- TC03_loginValidationMessage -->
</testsuite> <!-- Nopackage -->
