<?xml version="1.0" encoding="UTF-8"?>
<!-- Generated by org.testng.reporters.JUnitReportReporter -->
<testsuite hostname="EREV332-PC" name="com.erevmax.dashboard.tests.DashboardTests" tests="12" failures="10" timestamp="30 Sep 2014 11:41:59 GMT" time="141.481" errors="0">
  <testcase name="reportAlreadySentTest" time="0.000" classname="com.erevmax.dashboard.tests.DashboardTests"/>
  <testcase name="totalReportCountTest" time="0.000" classname="com.erevmax.dashboard.tests.DashboardTests"/>
  <testcase name="dataAsNFTest" time="0.000" classname="com.erevmax.dashboard.tests.DashboardTests"/>
  <testcase name="reportToBeSentTest" time="0.000" classname="com.erevmax.dashboard.tests.DashboardTests"/>
  <testcase name="reportPerCity" time="0.000" classname="com.erevmax.dashboard.tests.DashboardTests"/>
  <testcase name="dataAsCETest" time="0.000" classname="com.erevmax.dashboard.tests.DashboardTests"/>
  <testcase name="dataAsRatesTest" time="0.000" classname="com.erevmax.dashboard.tests.DashboardTests"/>
  <testcase name="dashboardNavigationTest" time="12.612" classname="com.erevmax.dashboard.tests.DashboardTests"/>
  <testcase name="totalCityTest" time="128.799" classname="com.erevmax.dashboard.tests.DashboardTests">
    <failure type="org.openqa.selenium.TimeoutException" message="Timed out after 120 seconds waiting for presence of any elements located by By.xpath: //img[starts-with(@id, &#039;EC_&#039;)]
Build info: version: &#039;2.42.2&#039;, revision: &#039;6a6995d31c7c56c340d6f45a76976d43506cd6cc&#039;, time: &#039;2014-06-03 10:52:47&#039;
System info: host: &#039;EREV332-PC&#039;, ip: &#039;192.168.201.119&#039;, os.name: &#039;Windows 7&#039;, os.arch: &#039;amd64&#039;, os.version: &#039;6.1&#039;, java.version: &#039;1.7.0_60&#039;
Driver info: driver.version: unknown">
      <![CDATA[org.openqa.selenium.TimeoutException: Timed out after 120 seconds waiting for presence of any elements located by By.xpath: //img[starts-with(@id, 'EC_')]
Build info: version: '2.42.2', revision: '6a6995d31c7c56c340d6f45a76976d43506cd6cc', time: '2014-06-03 10:52:47'
System info: host: 'EREV332-PC', ip: '192.168.201.119', os.name: 'Windows 7', os.arch: 'amd64', os.version: '6.1', java.version: '1.7.0_60'
Driver info: driver.version: unknown
	at org.openqa.selenium.support.ui.FluentWait.timeoutException(FluentWait.java:259)
	at org.openqa.selenium.support.ui.FluentWait.until(FluentWait.java:228)
	at com.erevmax.mysample.Sample.SeleniumImplementation.waitUntilelementDisplayed(SeleniumImplementation.java:220)
	at com.erevmax.mysample.Sample.SeleniumImplementation.findWebElements(SeleniumImplementation.java:195)
	at com.erevmax.RTAdmin.pages.DashboardPage.expand(DashboardPage.java:74)
	at com.erevmax.dashboard.tests.DashboardTests.totalCityTest(DashboardTests.java:55)
	at sun.reflect.NativeMethodAccessorImpl.invoke0(Native Method)
	at sun.reflect.NativeMethodAccessorImpl.invoke(Unknown Source)
	at sun.reflect.DelegatingMethodAccessorImpl.invoke(Unknown Source)
	at java.lang.reflect.Method.invoke(Unknown Source)
	at org.testng.internal.MethodInvocationHelper.invokeMethod(MethodInvocationHelper.java:84)
	at org.testng.internal.Invoker.invokeMethod(Invoker.java:714)
	at org.testng.internal.Invoker.invokeTestMethod(Invoker.java:901)
	at org.testng.internal.Invoker.invokeTestMethods(Invoker.java:1231)
	at org.testng.internal.TestMethodWorker.invokeTestMethods(TestMethodWorker.java:127)
	at org.testng.internal.TestMethodWorker.run(TestMethodWorker.java:111)
	at org.testng.TestRunner.privateRun(TestRunner.java:767)
	at org.testng.TestRunner.run(TestRunner.java:617)
	at org.testng.SuiteRunner.runTest(SuiteRunner.java:334)
	at org.testng.SuiteRunner.runSequentially(SuiteRunner.java:329)
	at org.testng.SuiteRunner.privateRun(SuiteRunner.java:291)
	at org.testng.SuiteRunner.run(SuiteRunner.java:240)
	at org.testng.SuiteRunnerWorker.runSuite(SuiteRunnerWorker.java:52)
	at org.testng.SuiteRunnerWorker.run(SuiteRunnerWorker.java:86)
	at org.testng.TestNG.runSuitesSequentially(TestNG.java:1224)
	at org.testng.TestNG.runSuitesLocally(TestNG.java:1149)
	at org.testng.TestNG.run(TestNG.java:1057)
	at org.testng.remote.RemoteTestNG.run(RemoteTestNG.java:111)
	at org.testng.remote.RemoteTestNG.initAndRun(RemoteTestNG.java:204)
	at org.testng.remote.RemoteTestNG.main(RemoteTestNG.java:175)
]]>
    </failure>
  </testcase> <!-- totalCityTest -->
  <testcase name="totalDataTest" time="0.000" classname="com.erevmax.dashboard.tests.DashboardTests"/>
  <testcase name="reportPendingTest" time="0.000" classname="com.erevmax.dashboard.tests.DashboardTests"/>
  <testcase name="currentDateTest" time="0.070" classname="com.erevmax.dashboard.tests.DashboardTests"/>
</testsuite> <!-- com.erevmax.dashboard.tests.DashboardTests -->
